<?xml version="1.0" encoding="UTF-8"?>
<!-- Generated by org.testng.reporters.JUnitXMLReporter -->
<testsuite ignored="3" hostname="DESKTOP-NV6E2NO" failures="0" tests="1" name="Default test" time="12.659" errors="0" timestamp="22 Jul 2022 10:37:11 GMT">
  <testcase classname="com.bridgelabz.selenium.JavascriptExe" name="ScroolDownToBottomOfPage" time="12.611"/>
  <testcase classname="com.bridgelabz.selenium.JavascriptExe" name="enterText_intoDisabledTextbox" time="0.0">
    <ignored/>
  </testcase> <!-- enterText_intoDisabledTextbox -->
  <testcase classname="com.bridgelabz.selenium.JavascriptExe" name="ScrollDownTo_SpecificElemnt" time="0.0">
    <ignored/>
  </testcase> <!-- ScrollDownTo_SpecificElemnt -->
  <testcase classname="com.bridgelabz.selenium.JavascriptExe" name="ForScroll_UpAndDown" time="0.0">
    <ignored/>
  </testcase> <!-- ForScroll_UpAndDown -->
</testsuite> <!-- Default test -->
