<?xml version="1.0" encoding="UTF-8"?>
<testng-results ignored="3" total="4" passed="1" failed="0" skipped="0">
  <reporter-output>
  </reporter-output>
  <suite started-at="2022-07-22T10:36:59Z" name="Default suite" finished-at="2022-07-22T10:37:11Z" duration-ms="12659">
    <groups>
    </groups>
    <test started-at="2022-07-22T10:36:59Z" name="Default test" finished-at="2022-07-22T10:37:11Z" duration-ms="12659">
      <class name="com.bridgelabz.selenium.JavascriptExe">
        <test-method signature="ScroolDownToBottomOfPage()[pri:0, instance:com.bridgelabz.selenium.JavascriptExe@2af004b]" started-at="2022-07-22T10:36:59Z" name="ScroolDownToBottomOfPage" finished-at="2022-07-22T10:37:11Z" duration-ms="12611" status="PASS">
          <reporter-output>
          </reporter-output>
        </test-method> <!-- ScroolDownToBottomOfPage -->
      </class> <!-- com.bridgelabz.selenium.JavascriptExe -->
    </test> <!-- Default test -->
  </suite> <!-- Default suite -->
</testng-results>
